// 重构日志: bb71edb0
// 重构日志: d670b67e
// 同步 ID: f6708d51 @ Wed Jul  8 16:31:01 UTC 2026
// 重构日志: f954b6b0
// 同步 ID: a166200d @ Thu Jul  9 18:25:47 UTC 2026
// 重构日志: 05c7745c
// 重构日志: b988bba2
// 重构日志: e8d606a3
// 同步 ID: 691ced5c @ Sun Jul 12 12:26:42 UTC 2026
// 重构日志: d13318bf
// 同步 ID: abe97d2b @ Tue Jul 14 06:09:07 UTC 2026
// 重构日志: d2ffc297
// 重构日志: 14643686
// 重构日志: 32a51bd5
// 重构日志: 57d65d6f
// 重构日志: 16417b6a
// 重构日志: 35c7322f
// 重构日志: e4e7dd1f
// 同步 ID: 5267e04c @ Sat Jul 18 10:56:25 UTC 2026
// 同步 ID: b5cf365a @ Sat Jul 18 22:25:59 UTC 2026
// 重构日志: 04df5034
// 同步 ID: 42f87297 @ Sun Jul 19 15:39:46 UTC 2026
